<?xml version="1.0" encoding="UTF-8"?>
<testng-results ignored="0" total="6" passed="5" failed="1" skipped="0">
  <reporter-output>
  </reporter-output>
  <suite started-at="2023-11-27T16:10:15 IST" name="Default suite" finished-at="2023-11-27T16:12:47 IST" duration-ms="152285">
    <groups>
      <group name="cucumber">
        <method signature="AbstractTestNGCucumberTests.runScenario(io.cucumber.testng.PickleWrapper,io.cucumber.testng.FeatureWrapper)[pri:0, instance:Runner.TestRunner@2b40ff9c]" name="runScenario" class="io.cucumber.testng.AbstractTestNGCucumberTests"/>
      </group> <!-- cucumber -->
    </groups>
    <test started-at="2023-11-27T16:10:15 IST" name="Default test" finished-at="2023-11-27T16:12:47 IST" duration-ms="152285">
      <class name="Runner.TestRunner">
        <test-method is-config="true" signature="setUpClass(org.testng.ITestContext)[pri:0, instance:Runner.TestRunner@2b40ff9c]" started-at="2023-11-27T16:10:15 IST" name="setUpClass" finished-at="2023-11-27T16:10:15 IST" duration-ms="932" status="PASS">
          <params>
            <param index="0">
              <value>
                <![CDATA[org.testng.TestRunner@391515c7]]>
              </value>
            </param>
          </params>
          <reporter-output>
          </reporter-output>
        </test-method> <!-- setUpClass -->
        <test-method signature="runScenario(io.cucumber.testng.PickleWrapper,io.cucumber.testng.FeatureWrapper)[pri:0, instance:Runner.TestRunner@2b40ff9c]" started-at="2023-11-27T16:10:15 IST" name="runScenario" description="Runs Cucumber Scenarios" data-provider="scenarios" finished-at="2023-11-27T16:10:48 IST" duration-ms="32305" status="PASS">
          <params>
            <param index="0">
              <value>
                <![CDATA["To follow on facebook"]]>
              </value>
            </param>
            <param index="1">
              <value>
                <![CDATA["Follow page"]]>
              </value>
            </param>
          </params>
          <reporter-output>
          </reporter-output>
        </test-method> <!-- runScenario -->
        <test-method signature="runScenario(io.cucumber.testng.PickleWrapper,io.cucumber.testng.FeatureWrapper)[pri:0, instance:Runner.TestRunner@2b40ff9c]" started-at="2023-11-27T16:10:48 IST" name="runScenario" description="Runs Cucumber Scenarios" data-provider="scenarios" finished-at="2023-11-27T16:11:00 IST" duration-ms="12012" status="PASS">
          <params>
            <param index="0">
              <value>
                <![CDATA["To follow on instagram"]]>
              </value>
            </param>
            <param index="1">
              <value>
                <![CDATA["Follow page"]]>
              </value>
            </param>
          </params>
          <reporter-output>
          </reporter-output>
        </test-method> <!-- runScenario -->
        <test-method signature="runScenario(io.cucumber.testng.PickleWrapper,io.cucumber.testng.FeatureWrapper)[pri:0, instance:Runner.TestRunner@2b40ff9c]" started-at="2023-11-27T16:11:00 IST" name="runScenario" description="Runs Cucumber Scenarios" data-provider="scenarios" finished-at="2023-11-27T16:11:16 IST" duration-ms="16293" status="PASS">
          <params>
            <param index="0">
              <value>
                <![CDATA["To follow on twitter"]]>
              </value>
            </param>
            <param index="1">
              <value>
                <![CDATA["Follow page"]]>
              </value>
            </param>
          </params>
          <reporter-output>
          </reporter-output>
        </test-method> <!-- runScenario -->
        <test-method signature="runScenario(io.cucumber.testng.PickleWrapper,io.cucumber.testng.FeatureWrapper)[pri:0, instance:Runner.TestRunner@2b40ff9c]" started-at="2023-11-27T16:11:16 IST" name="runScenario" description="Runs Cucumber Scenarios" data-provider="scenarios" finished-at="2023-11-27T16:11:55 IST" duration-ms="39275" status="PASS">
          <params>
            <param index="0">
              <value>
                <![CDATA["To search for kids sunglasses"]]>
              </value>
            </param>
            <param index="1">
              <value>
                <![CDATA["Kids Category"]]>
              </value>
            </param>
          </params>
          <reporter-output>
          </reporter-output>
        </test-method> <!-- runScenario -->
        <test-method signature="runScenario(io.cucumber.testng.PickleWrapper,io.cucumber.testng.FeatureWrapper)[pri:0, instance:Runner.TestRunner@2b40ff9c]" started-at="2023-11-27T16:11:55 IST" name="runScenario" description="Runs Cucumber Scenarios" data-provider="scenarios" finished-at="2023-11-27T16:12:31 IST" duration-ms="35957" status="PASS">
          <params>
            <param index="0">
              <value>
                <![CDATA["Checking credentials on Login"]]>
              </value>
            </param>
            <param index="1">
              <value>
                <![CDATA["Login page"]]>
              </value>
            </param>
          </params>
          <reporter-output>
          </reporter-output>
        </test-method> <!-- runScenario -->
        <test-method signature="runScenario(io.cucumber.testng.PickleWrapper,io.cucumber.testng.FeatureWrapper)[pri:0, instance:Runner.TestRunner@2b40ff9c]" started-at="2023-11-27T16:12:31 IST" name="runScenario" description="Runs Cucumber Scenarios" data-provider="scenarios" finished-at="2023-11-27T16:12:46 IST" duration-ms="14482" status="FAIL">
          <params>
            <param index="0">
              <value>
                <![CDATA["Checking Forgot password"]]>
              </value>
            </param>
            <param index="1">
              <value>
                <![CDATA["Login page"]]>
              </value>
            </param>
          </params>
          <exception class="java.lang.AssertionError">
            <message>
              <![CDATA[expected [Recovery mail has been sent to your Email] but found []]]>
            </message>
            <full-stacktrace>
              <![CDATA[java.lang.AssertionError: expected [Recovery mail has been sent to your Email] but found []
at org.testng.Assert.fail(Assert.java:111)
at org.testng.Assert.failNotEquals(Assert.java:1578)
at org.testng.Assert.assertEqualsImpl(Assert.java:150)
at org.testng.Assert.assertEquals(Assert.java:132)
at org.testng.Assert.assertEquals(Assert.java:656)
at org.testng.Assert.assertEquals(Assert.java:666)
at Definitions.LoginDef.user_clicks_to_send_link_for_reset(LoginDef.java:109)
at ✽.User clicks to send link for reset(file:///C:/Users/ashekharangya/Git%20Lenskart/TestDreamers_Lenskart/src/test/resources/Feature/Login.feature:31)
]]>
            </full-stacktrace>
          </exception> <!-- java.lang.AssertionError -->
          <reporter-output>
          </reporter-output>
        </test-method> <!-- runScenario -->
        <test-method is-config="true" signature="tearDownClass()[pri:0, instance:Runner.TestRunner@2b40ff9c]" started-at="2023-11-27T16:12:46 IST" name="tearDownClass" finished-at="2023-11-27T16:12:47 IST" duration-ms="957" status="PASS">
          <reporter-output>
          </reporter-output>
        </test-method> <!-- tearDownClass -->
      </class> <!-- Runner.TestRunner -->
    </test> <!-- Default test -->
  </suite> <!-- Default suite -->
</testng-results>
