<?xml version="1.0" encoding="UTF-8"?>
<!-- Generated by org.testng.reporters.JUnitReportReporter -->
<testsuite hostname="TMZ-DPC-2176" failures="0" tests="3" name="Runner.TestRunner" time="299.248" errors="1" timestamp="2023-11-20T18:19:16 IST" skipped="0">
  <testcase classname="Runner.TestRunner" name="runScenario" time="22.953">
    <error message="no such element: Unable to locate element: {&quot;method&quot;:&quot;css selector&quot;,&quot;selector&quot;:&quot;#wzrk\-cancel&quot;}
  (Session info: MicrosoftEdge=119.0.2151.72)
For documentation on this error, please visit: https://www.selenium.dev/documentation/webdriver/troubleshooting/errors#no-such-element-exception
Build info: version: &#039;4.14.1&#039;, revision: &#039;03f8ede370&#039;
System info: os.name: &#039;Windows 10&#039;, os.arch: &#039;amd64&#039;, os.version: &#039;10.0&#039;, java.version: &#039;11.0.18&#039;
Driver info: org.openqa.selenium.edge.EdgeDriver
Command: [e71457541a0482039594022373966ecc, findElement {using=id, value=wzrk-cancel}]
Capabilities {acceptInsecureCerts: false, browserName: msedge, browserVersion: 119.0.2151.72, fedcm:accounts: true, ms:edgeOptions: {debuggerAddress: localhost:50734}, msedge: {msedgedriverVersion: 119.0.2151.72 (e8225cce8e47..., userDataDir: C:\Users\dmulinti\AppData\L...}, networkConnectionEnabled: false, pageLoadStrategy: normal, platformName: windows, proxy: Proxy(), se:cdp: ws://localhost:50734/devtoo..., se:cdpVersion: 119.0.2151.72, setWindowRect: true, strictFileInteractability: false, timeouts: {implicit: 0, pageLoad: 300000, script: 30000}, unhandledPromptBehavior: dismiss and notify, webauthn:extension:credBlob: true, webauthn:extension:largeBlob: true, webauthn:extension:minPinLength: true, webauthn:extension:prf: true, webauthn:virtualAuthenticators: true}
Session ID: e71457541a0482039594022373966ecc" type="org.openqa.selenium.NoSuchElementException">
      <![CDATA[org.openqa.selenium.NoSuchElementException: no such element: Unable to locate element: {"method":"css selector","selector":"#wzrk\-cancel"}
  (Session info: MicrosoftEdge=119.0.2151.72)
For documentation on this error, please visit: https://www.selenium.dev/documentation/webdriver/troubleshooting/errors#no-such-element-exception
Build info: version: '4.14.1', revision: '03f8ede370'
System info: os.name: 'Windows 10', os.arch: 'amd64', os.version: '10.0', java.version: '11.0.18'
Driver info: org.openqa.selenium.edge.EdgeDriver
Command: [e71457541a0482039594022373966ecc, findElement {using=id, value=wzrk-cancel}]
Capabilities {acceptInsecureCerts: false, browserName: msedge, browserVersion: 119.0.2151.72, fedcm:accounts: true, ms:edgeOptions: {debuggerAddress: localhost:50734}, msedge: {msedgedriverVersion: 119.0.2151.72 (e8225cce8e47..., userDataDir: C:\Users\dmulinti\AppData\L...}, networkConnectionEnabled: false, pageLoadStrategy: normal, platformName: windows, proxy: Proxy(), se:cdp: ws://localhost:50734/devtoo..., se:cdpVersion: 119.0.2151.72, setWindowRect: true, strictFileInteractability: false, timeouts: {implicit: 0, pageLoad: 300000, script: 30000}, unhandledPromptBehavior: dismiss and notify, webauthn:extension:credBlob: true, webauthn:extension:largeBlob: true, webauthn:extension:minPinLength: true, webauthn:extension:prf: true, webauthn:virtualAuthenticators: true}
Session ID: e71457541a0482039594022373966ecc
at java.base/jdk.internal.reflect.NativeConstructorAccessorImpl.newInstance0(Native Method)
at java.base/jdk.internal.reflect.NativeConstructorAccessorImpl.newInstance(NativeConstructorAccessorImpl.java:62)
at java.base/jdk.internal.reflect.DelegatingConstructorAccessorImpl.newInstance(DelegatingConstructorAccessorImpl.java:45)
at java.base/java.lang.reflect.Constructor.newInstance(Constructor.java:490)
at org.openqa.selenium.remote.codec.w3c.W3CHttpResponseCodec.createException(W3CHttpResponseCodec.java:200)
at org.openqa.selenium.remote.codec.w3c.W3CHttpResponseCodec.decode(W3CHttpResponseCodec.java:133)
at org.openqa.selenium.remote.codec.w3c.W3CHttpResponseCodec.decode(W3CHttpResponseCodec.java:52)
at org.openqa.selenium.remote.HttpCommandExecutor.execute(HttpCommandExecutor.java:191)
at org.openqa.selenium.remote.service.DriverCommandExecutor.invokeExecute(DriverCommandExecutor.java:200)
at org.openqa.selenium.remote.service.DriverCommandExecutor.execute(DriverCommandExecutor.java:175)
at org.openqa.selenium.remote.RemoteWebDriver.execute(RemoteWebDriver.java:602)
at org.openqa.selenium.remote.ElementLocation$ElementFinder$2.findElement(ElementLocation.java:165)
at org.openqa.selenium.remote.ElementLocation.findElement(ElementLocation.java:66)
at org.openqa.selenium.remote.RemoteWebDriver.findElement(RemoteWebDriver.java:359)
at org.openqa.selenium.remote.RemoteWebDriver.findElement(RemoteWebDriver.java:353)
at org.openqa.selenium.support.pagefactory.DefaultElementLocator.findElement(DefaultElementLocator.java:68)
at org.openqa.selenium.support.pagefactory.internal.LocatingElementHandler.invoke(LocatingElementHandler.java:38)
at com.sun.proxy.$Proxy24.click(Unknown Source)
at Actions.RegisterPageActions.clicksignup(RegisterPageActions.java:18)
at Definitions.RegisterStepDef.user_clicks_the_signup(RegisterStepDef.java:26)
at ✽.User clicks the signup(file:///C:/Users/dmulinti/TestDreamers_Lenskart/src/test/resources/Feature/Register.feature:7)
]]>
    </error>
  </testcase> <!-- runScenario -->
  <testcase classname="Runner.TestRunner" name="runScenario" time="223.008"/>
  <testcase classname="Runner.TestRunner" name="runScenario" time="53.287"/>
</testsuite> <!-- Runner.TestRunner -->
